# JRE version: OpenJDK Runtime Environment (8.0_76-b03) (build 1.8.0_76-release-b03)
# Java VM: OpenJDK 64-Bit Server VM (25.76-b03 mixed mode windows-amd64 compressed oops)
Heap:
 PSYoungGen      total 136704K, used 23889K [0x00000000e0000000, 0x00000000eaa80000, 0x0000000100000000)
  eden space 117760K, 16% used [0x00000000e0000000,0x00000000e12818f0,0x00000000e7300000)
  from space 18944K, 26% used [0x00000000e7300000,0x00000000e77d2c50,0x00000000e8580000)
  to   space 18944K, 0% used [0x00000000e8580000,0x00000000e8580000,0x00000000e9800000)
 ParOldGen       total 92672K, used 59728K [0x00000000a0000000, 0x00000000a5a80000, 0x00000000e0000000)
  object space 92672K, 64% used [0x00000000a0000000,0x00000000a3a543e0,0x00000000a5a80000)
 Metaspace       used 65105K, capacity 67606K, committed 67840K, reserved 1107968K
  class space    used 8569K, capacity 9100K, committed 9216K, reserved 1048576K
GC Heap History (10 events):
Event: 145.256 GC heap before
{Heap before GC invocations=31 (full 4):
 PSYoungGen      total 116736K, used 116723K [0x00000000e0000000, 0x00000000e8700000, 0x0000000100000000)
  eden space 102400K, 100% used [0x00000000e0000000,0x00000000e6400000,0x00000000e6400000)
  from space 14336K, 99% used [0x00000000e7680000,0x00000000e847cf18,0x00000000e8480000)
  to   space 17920K, 0% used [0x00000000e6400000,0x00000000e6400000,0x00000000e7580000)
 ParOldGen       total 92672K, used 45455K [0x00000000a0000000, 0x00000000a5a80000, 0x00000000e0000000)
  object space 92672K, 49% used [0x00000000a0000000,0x00000000a2c63cf8,0x00000000a5a80000)
 Metaspace       used 57480K, capacity 59804K, committed 59904K, reserved 1101824K
  class space    used 7645K, capacity 8135K, committed 8192K, reserved 1048576K
Event: 145.274 GC heap after
Heap after GC invocations=31 (full 4):
 PSYoungGen      total 120320K, used 9442K [0x00000000e0000000, 0x00000000e8f80000, 0x0000000100000000)
  eden space 102400K, 0% used [0x00000000e0000000,0x00000000e0000000,0x00000000e6400000)
  from space 17920K, 52% used [0x00000000e6400000,0x00000000e6d38b68,0x00000000e7580000)
  to   space 17920K, 0% used [0x00000000e7e00000,0x00000000e7e00000,0x00000000e8f80000)
 ParOldGen       total 92672K, used 52883K [0x00000000a0000000, 0x00000000a5a80000, 0x00000000e0000000)
  object space 92672K, 57% used [0x00000000a0000000,0x00000000a33a4dd8,0x00000000a5a80000)
 Metaspace       used 57480K, capacity 59804K, committed 59904K, reserved 1101824K
  class space    used 7645K, capacity 8135K, committed 8192K, reserved 1048576K
}
Event: 155.377 GC heap before
{Heap before GC invocations=32 (full 4):
 PSYoungGen      total 120320K, used 111842K [0x00000000e0000000, 0x00000000e8f80000, 0x0000000100000000)
  eden space 102400K, 100% used [0x00000000e0000000,0x00000000e6400000,0x00000000e6400000)
  from space 17920K, 52% used [0x00000000e6400000,0x00000000e6d38b68,0x00000000e7580000)
  to   space 17920K, 0% used [0x00000000e7e00000,0x00000000e7e00000,0x00000000e8f80000)
 ParOldGen       total 92672K, used 52883K [0x00000000a0000000, 0x00000000a5a80000, 0x00000000e0000000)
  object space 92672K, 57% used [0x00000000a0000000,0x00000000a33a4dd8,0x00000000a5a80000)
 Metaspace       used 61778K, capacity 64256K, committed 64384K, reserved 1105920K
  class space    used 8254K, capacity 8797K, committed 8832K, reserved 1048576K
Event: 155.398 GC heap after
Heap after GC invocations=32 (full 4):
 PSYoungGen      total 126976K, used 10301K [0x00000000e0000000, 0x00000000e8e80000, 0x0000000100000000)
  eden space 110080K, 0% used [0x00000000e0000000,0x00000000e0000000,0x00000000e6b80000)
  from space 16896K, 60% used [0x00000000e7e00000,0x00000000e880f548,0x00000000e8e80000)
  to   space 17920K, 0% used [0x00000000e6b80000,0x00000000e6b80000,0x00000000e7d00000)
 ParOldGen       total 92672K, used 52891K [0x00000000a0000000, 0x00000000a5a80000, 0x00000000e0000000)
  object space 92672K, 57% used [0x00000000a0000000,0x00000000a33a6dd8,0x00000000a5a80000)
 Metaspace       used 61778K, capacity 64256K, committed 64384K, reserved 1105920K
  class space    used 8254K, capacity 8797K, committed 8832K, reserved 1048576K
}
Event: 162.306 GC heap before
{Heap before GC invocations=33 (full 4):
 PSYoungGen      total 126976K, used 120294K [0x00000000e0000000, 0x00000000e8e80000, 0x0000000100000000)
  eden space 110080K, 99% used [0x00000000e0000000,0x00000000e6b6a5b0,0x00000000e6b80000)
  from space 16896K, 60% used [0x00000000e7e00000,0x00000000e880f548,0x00000000e8e80000)
  to   space 17920K, 0% used [0x00000000e6b80000,0x00000000e6b80000,0x00000000e7d00000)
 ParOldGen       total 92672K, used 52891K [0x00000000a0000000, 0x00000000a5a80000, 0x00000000e0000000)
  object space 92672K, 57% used [0x00000000a0000000,0x00000000a33a6dd8,0x00000000a5a80000)
 Metaspace       used 64843K, capacity 67386K, committed 67456K, reserved 1107968K
  class space    used 8536K, capacity 9056K, committed 9088K, reserved 1048576K
Event: 162.332 GC heap after
Heap after GC invocations=33 (full 4):
 PSYoungGen      total 128000K, used 13036K [0x00000000e0000000, 0x00000000e9800000, 0x0000000100000000)
  eden space 110080K, 0% used [0x00000000e0000000,0x00000000e0000000,0x00000000e6b80000)
  from space 17920K, 72% used [0x00000000e6b80000,0x00000000e783b020,0x00000000e7d00000)
  to   space 18944K, 0% used [0x00000000e8580000,0x00000000e8580000,0x00000000e9800000)
 ParOldGen       total 92672K, used 52907K [0x00000000a0000000, 0x00000000a5a80000, 0x00000000e0000000)
  object space 92672K, 57% used [0x00000000a0000000,0x00000000a33aadd8,0x00000000a5a80000)
 Metaspace       used 64843K, capacity 67386K, committed 67456K, reserved 1107968K
  class space    used 8536K, capacity 9056K, committed 9088K, reserved 1048576K
}
Event: 162.357 GC heap before
{Heap before GC invocations=34 (full 4):
 PSYoungGen      total 128000K, used 122692K [0x00000000e0000000, 0x00000000e9800000, 0x0000000100000000)
  eden space 110080K, 99% used [0x00000000e0000000,0x00000000e6b16358,0x00000000e6b80000)
  from space 17920K, 72% used [0x00000000e6b80000,0x00000000e783b020,0x00000000e7d00000)
  to   space 18944K, 0% used [0x00000000e8580000,0x00000000e8580000,0x00000000e9800000)
 ParOldGen       total 92672K, used 52907K [0x00000000a0000000, 0x00000000a5a80000, 0x00000000e0000000)
  object space 92672K, 57% used [0x00000000a0000000,0x00000000a33aadd8,0x00000000a5a80000)
 Metaspace       used 64848K, capacity 67386K, committed 67456K, reserved 1107968K
  class space    used 8536K, capacity 9056K, committed 9088K, reserved 1048576K
Event: 162.370 GC heap after
Heap after GC invocations=34 (full 4):
 PSYoungGen      total 136704K, used 11964K [0x00000000e0000000, 0x00000000eaa80000, 0x0000000100000000)
  eden space 117760K, 0% used [0x00000000e0000000,0x00000000e0000000,0x00000000e7300000)
  from space 18944K, 63% used [0x00000000e8580000,0x00000000e912f1c0,0x00000000e9800000)
  to   space 18944K, 0% used [0x00000000e7300000,0x00000000e7300000,0x00000000e8580000)
 ParOldGen       total 92672K, used 52915K [0x00000000a0000000, 0x00000000a5a80000, 0x00000000e0000000)
  object space 92672K, 57% used [0x00000000a0000000,0x00000000a33acdd8,0x00000000a5a80000)
 Metaspace       used 64848K, capacity 67386K, committed 67456K, reserved 1107968K
  class space    used 8536K, capacity 9056K, committed 9088K, reserved 1048576K
}
Event: 162.382 GC heap before
{Heap before GC invocations=35 (full 4):
 PSYoungGen      total 136704K, used 129655K [0x00000000e0000000, 0x00000000eaa80000, 0x0000000100000000)
  eden space 117760K, 99% used [0x00000000e0000000,0x00000000e72eedc0,0x00000000e7300000)
  from space 18944K, 63% used [0x00000000e8580000,0x00000000e912f1c0,0x00000000e9800000)
  to   space 18944K, 0% used [0x00000000e7300000,0x00000000e7300000,0x00000000e8580000)
 ParOldGen       total 92672K, used 52915K [0x00000000a0000000, 0x00000000a5a80000, 0x00000000e0000000)
  object space 92672K, 57% used [0x00000000a0000000,0x00000000a33acdd8,0x00000000a5a80000)
 Metaspace       used 64852K, capacity 67386K, committed 67456K, reserved 1107968K
  class space    used 8536K, capacity 9056K, committed 9088K, reserved 1048576K
Event: 162.393 GC heap after
Heap after GC invocations=35 (full 4):
 PSYoungGen      total 136704K, used 4939K [0x00000000e0000000, 0x00000000eaa80000, 0x0000000100000000)
  eden space 117760K, 0% used [0x00000000e0000000,0x00000000e0000000,0x00000000e7300000)
  from space 18944K, 26% used [0x00000000e7300000,0x00000000e77d2c50,0x00000000e8580000)
  to   space 18944K, 0% used [0x00000000e8580000,0x00000000e8580000,0x00000000e9800000)
 ParOldGen       total 92672K, used 59728K [0x00000000a0000000, 0x00000000a5a80000, 0x00000000e0000000)
  object space 92672K, 64% used [0x00000000a0000000,0x00000000a3a543e0,0x00000000a5a80000)
 Metaspace       used 64852K, capacity 67386K, committed 67456K, reserved 1107968K
  class space    used 8536K, capacity 9056K, committed 9088K, reserved 1048576K
}

