# JRE version: OpenJDK Runtime Environment (8.0_76-b03) (build 1.8.0_76-release-b03)
# Java VM: OpenJDK 64-Bit Server VM (25.76-b03 mixed mode windows-amd64 compressed oops)
Heap:
 PSYoungGen      total 182272K, used 43476K [0x00000000e0000000, 0x00000000ef800000, 0x0000000100000000)
  eden space 165376K, 20% used [0x00000000e0000000,0x00000000e2127280,0x00000000ea180000)
  from space 16896K, 56% used [0x00000000eb200000,0x00000000ebb4df88,0x00000000ec280000)
  to   space 16896K, 0% used [0x00000000ea180000,0x00000000ea180000,0x00000000eb200000)
 ParOldGen       total 81920K, used 43514K [0x00000000a0000000, 0x00000000a5000000, 0x00000000e0000000)
  object space 81920K, 53% used [0x00000000a0000000,0x00000000a2a7ead0,0x00000000a5000000)
 Metaspace       used 57176K, capacity 59430K, committed 59648K, reserved 1101824K
  class space    used 7705K, capacity 8180K, committed 8192K, reserved 1048576K
GC Heap History (10 events):
Event: 15.250 GC heap before
{Heap before GC invocations=16 (full 2):
 PSYoungGen      total 124928K, used 124922K [0x00000000e0000000, 0x00000000eb980000, 0x0000000100000000)
  eden space 115200K, 100% used [0x00000000e0000000,0x00000000e7080000,0x00000000e7080000)
  from space 9728K, 99% used [0x00000000e7080000,0x00000000e79febc8,0x00000000e7a00000)
  to   space 11264K, 0% used [0x00000000eae80000,0x00000000eae80000,0x00000000eb980000)
 ParOldGen       total 43520K, used 15897K [0x00000000a0000000, 0x00000000a2a80000, 0x00000000e0000000)
  object space 43520K, 36% used [0x00000000a0000000,0x00000000a0f867e0,0x00000000a2a80000)
 Metaspace       used 49196K, capacity 50622K, committed 50816K, reserved 1093632K
  class space    used 6659K, capacity 6997K, committed 7040K, reserved 1048576K
Event: 15.281 GC heap after
Heap after GC invocations=16 (full 2):
 PSYoungGen      total 173568K, used 11240K [0x00000000e0000000, 0x00000000ec180000, 0x0000000100000000)
  eden space 162304K, 0% used [0x00000000e0000000,0x00000000e0000000,0x00000000e9e80000)
  from space 11264K, 99% used [0x00000000eae80000,0x00000000eb97a0a8,0x00000000eb980000)
  to   space 16384K, 0% used [0x00000000e9e80000,0x00000000e9e80000,0x00000000eae80000)
 ParOldGen       total 43520K, used 24422K [0x00000000a0000000, 0x00000000a2a80000, 0x00000000e0000000)
  object space 43520K, 56% used [0x00000000a0000000,0x00000000a17d9b80,0x00000000a2a80000)
 Metaspace       used 49196K, capacity 50622K, committed 50816K, reserved 1093632K
  class space    used 6659K, capacity 6997K, committed 7040K, reserved 1048576K
}
Event: 16.206 GC heap before
{Heap before GC invocations=17 (full 2):
 PSYoungGen      total 173568K, used 94540K [0x00000000e0000000, 0x00000000ec180000, 0x0000000100000000)
  eden space 162304K, 51% used [0x00000000e0000000,0x00000000e5159050,0x00000000e9e80000)
  from space 11264K, 99% used [0x00000000eae80000,0x00000000eb97a0a8,0x00000000eb980000)
  to   space 16384K, 0% used [0x00000000e9e80000,0x00000000e9e80000,0x00000000eae80000)
 ParOldGen       total 43520K, used 24422K [0x00000000a0000000, 0x00000000a2a80000, 0x00000000e0000000)
  object space 43520K, 56% used [0x00000000a0000000,0x00000000a17d9b80,0x00000000a2a80000)
 Metaspace       used 51601K, capacity 53548K, committed 53632K, reserved 1095680K
  class space    used 7089K, capacity 7545K, committed 7552K, reserved 1048576K
Event: 16.248 GC heap after
Heap after GC invocations=17 (full 2):
 PSYoungGen      total 178688K, used 11331K [0x00000000e0000000, 0x00000000ec280000, 0x0000000100000000)
  eden space 162304K, 0% used [0x00000000e0000000,0x00000000e0000000,0x00000000e9e80000)
  from space 16384K, 69% used [0x00000000e9e80000,0x00000000ea990e48,0x00000000eae80000)
  to   space 16896K, 0% used [0x00000000eb200000,0x00000000eb200000,0x00000000ec280000)
 ParOldGen       total 43520K, used 33821K [0x00000000a0000000, 0x00000000a2a80000, 0x00000000e0000000)
  object space 43520K, 77% used [0x00000000a0000000,0x00000000a2107410,0x00000000a2a80000)
 Metaspace       used 51601K, capacity 53548K, committed 53632K, reserved 1095680K
  class space    used 7089K, capacity 7545K, committed 7552K, reserved 1048576K
}
Event: 16.249 GC heap before
{Heap before GC invocations=18 (full 3):
 PSYoungGen      total 178688K, used 11331K [0x00000000e0000000, 0x00000000ec280000, 0x0000000100000000)
  eden space 162304K, 0% used [0x00000000e0000000,0x00000000e0000000,0x00000000e9e80000)
  from space 16384K, 69% used [0x00000000e9e80000,0x00000000ea990e48,0x00000000eae80000)
  to   space 16896K, 0% used [0x00000000eb200000,0x00000000eb200000,0x00000000ec280000)
 ParOldGen       total 43520K, used 33821K [0x00000000a0000000, 0x00000000a2a80000, 0x00000000e0000000)
  object space 43520K, 77% used [0x00000000a0000000,0x00000000a2107410,0x00000000a2a80000)
 Metaspace       used 51601K, capacity 53548K, committed 53632K, reserved 1095680K
  class space    used 7089K, capacity 7545K, committed 7552K, reserved 1048576K
Event: 16.638 GC heap after
Heap after GC invocations=18 (full 3):
 PSYoungGen      total 178688K, used 0K [0x00000000e0000000, 0x00000000ec280000, 0x0000000100000000)
  eden space 162304K, 0% used [0x00000000e0000000,0x00000000e0000000,0x00000000e9e80000)
  from space 16384K, 0% used [0x00000000e9e80000,0x00000000e9e80000,0x00000000eae80000)
  to   space 16896K, 0% used [0x00000000eb200000,0x00000000eb200000,0x00000000ec280000)
 ParOldGen       total 43520K, used 40722K [0x00000000a0000000, 0x00000000a2a80000, 0x00000000e0000000)
  object space 43520K, 93% used [0x00000000a0000000,0x00000000a27c4b48,0x00000000a2a80000)
 Metaspace       used 51601K, capacity 53548K, committed 53632K, reserved 1095680K
  class space    used 7089K, capacity 7545K, committed 7552K, reserved 1048576K
}
Event: 26.019 GC heap before
{Heap before GC invocations=19 (full 4):
 PSYoungGen      total 178688K, used 162304K [0x00000000e0000000, 0x00000000ec280000, 0x0000000100000000)
  eden space 162304K, 100% used [0x00000000e0000000,0x00000000e9e80000,0x00000000e9e80000)
  from space 16384K, 0% used [0x00000000e9e80000,0x00000000e9e80000,0x00000000eae80000)
  to   space 16896K, 0% used [0x00000000eb200000,0x00000000eb200000,0x00000000ec280000)
 ParOldGen       total 43520K, used 40722K [0x00000000a0000000, 0x00000000a2a80000, 0x00000000e0000000)
  object space 43520K, 93% used [0x00000000a0000000,0x00000000a27c4b48,0x00000000a2a80000)
 Metaspace       used 55187K, capacity 57286K, committed 57472K, reserved 1099776K
  class space    used 7473K, capacity 7942K, committed 8064K, reserved 1048576K
Event: 26.389 GC heap after
Heap after GC invocations=19 (full 4):
 PSYoungGen      total 178688K, used 4080K [0x00000000e0000000, 0x00000000ec280000, 0x0000000100000000)
  eden space 162304K, 2% used [0x00000000e0000000,0x00000000e03fc250,0x00000000e9e80000)
  from space 16384K, 0% used [0x00000000e9e80000,0x00000000e9e80000,0x00000000eae80000)
  to   space 16896K, 0% used [0x00000000eb200000,0x00000000eb200000,0x00000000ec280000)
 ParOldGen       total 81920K, used 43506K [0x00000000a0000000, 0x00000000a5000000, 0x00000000e0000000)
  object space 81920K, 53% used [0x00000000a0000000,0x00000000a2a7cad0,0x00000000a5000000)
 Metaspace       used 55187K, capacity 57286K, committed 57472K, reserved 1099776K
  class space    used 7473K, capacity 7942K, committed 8064K, reserved 1048576K
}
Event: 121.423 GC heap before
{Heap before GC invocations=20 (full 4):
 PSYoungGen      total 178688K, used 162304K [0x00000000e0000000, 0x00000000ec280000, 0x0000000100000000)
  eden space 162304K, 100% used [0x00000000e0000000,0x00000000e9e80000,0x00000000e9e80000)
  from space 16384K, 0% used [0x00000000e9e80000,0x00000000e9e80000,0x00000000eae80000)
  to   space 16896K, 0% used [0x00000000eb200000,0x00000000eb200000,0x00000000ec280000)
 ParOldGen       total 81920K, used 43506K [0x00000000a0000000, 0x00000000a5000000, 0x00000000e0000000)
  object space 81920K, 53% used [0x00000000a0000000,0x00000000a2a7cad0,0x00000000a5000000)
 Metaspace       used 57105K, capacity 59430K, committed 59648K, reserved 1101824K
  class space    used 7703K, capacity 8180K, committed 8192K, reserved 1048576K
Event: 121.447 GC heap after
Heap after GC invocations=20 (full 4):
 PSYoungGen      total 182272K, used 9527K [0x00000000e0000000, 0x00000000ef800000, 0x0000000100000000)
  eden space 165376K, 0% used [0x00000000e0000000,0x00000000e0000000,0x00000000ea180000)
  from space 16896K, 56% used [0x00000000eb200000,0x00000000ebb4df88,0x00000000ec280000)
  to   space 16896K, 0% used [0x00000000ea180000,0x00000000ea180000,0x00000000eb200000)
 ParOldGen       total 81920K, used 43514K [0x00000000a0000000, 0x00000000a5000000, 0x00000000e0000000)
  object space 81920K, 53% used [0x00000000a0000000,0x00000000a2a7ead0,0x00000000a5000000)
 Metaspace       used 57105K, capacity 59430K, committed 59648K, reserved 1101824K
  class space    used 7703K, capacity 8180K, committed 8192K, reserved 1048576K
}

