# JRE version: OpenJDK Runtime Environment (8.0_76-b03) (build 1.8.0_76-release-b03)
# Java VM: OpenJDK 64-Bit Server VM (25.76-b03 mixed mode windows-amd64 compressed oops)
Heap:
 PSYoungGen      total 155136K, used 42088K [0x00000000e0000000, 0x00000000ead80000, 0x0000000100000000)
  eden space 134656K, 20% used [0x00000000e0000000,0x00000000e1b3fb58,0x00000000e8380000)
  from space 20480K, 69% used [0x00000000e9980000,0x00000000ea75a810,0x00000000ead80000)
  to   space 21504K, 0% used [0x00000000e8380000,0x00000000e8380000,0x00000000e9880000)
 ParOldGen       total 72192K, used 40628K [0x00000000a0000000, 0x00000000a4680000, 0x00000000e0000000)
  object space 72192K, 56% used [0x00000000a0000000,0x00000000a27ad0f0,0x00000000a4680000)
 Metaspace       used 66453K, capacity 68980K, committed 69248K, reserved 1110016K
  class space    used 8732K, capacity 9267K, committed 9344K, reserved 1048576K
GC Heap History (10 events):
Event: 88.261 GC heap before
{Heap before GC invocations=21 (full 3):
 PSYoungGen      total 141824K, used 129458K [0x00000000e0000000, 0x00000000eaa80000, 0x0000000100000000)
  eden space 120320K, 100% used [0x00000000e0000000,0x00000000e7580000,0x00000000e7580000)
  from space 21504K, 42% used [0x00000000e7580000,0x00000000e7e6caa8,0x00000000e8a80000)
  to   space 20480K, 0% used [0x00000000e9680000,0x00000000e9680000,0x00000000eaa80000)
 ParOldGen       total 72192K, used 40580K [0x00000000a0000000, 0x00000000a4680000, 0x00000000e0000000)
  object space 72192K, 56% used [0x00000000a0000000,0x00000000a27a10f0,0x00000000a4680000)
 Metaspace       used 57976K, capacity 60330K, committed 60544K, reserved 1101824K
  class space    used 7744K, capacity 8234K, committed 8320K, reserved 1048576K
Event: 88.281 GC heap after
Heap after GC invocations=21 (full 3):
 PSYoungGen      total 147968K, used 17035K [0x00000000e0000000, 0x00000000ea980000, 0x0000000100000000)
  eden space 128512K, 0% used [0x00000000e0000000,0x00000000e0000000,0x00000000e7d80000)
  from space 19456K, 87% used [0x00000000e9680000,0x00000000ea722c50,0x00000000ea980000)
  to   space 22528K, 0% used [0x00000000e7d80000,0x00000000e7d80000,0x00000000e9380000)
 ParOldGen       total 72192K, used 40588K [0x00000000a0000000, 0x00000000a4680000, 0x00000000e0000000)
  object space 72192K, 56% used [0x00000000a0000000,0x00000000a27a30f0,0x00000000a4680000)
 Metaspace       used 57976K, capacity 60330K, committed 60544K, reserved 1101824K
  class space    used 7744K, capacity 8234K, committed 8320K, reserved 1048576K
}
Event: 101.700 GC heap before
{Heap before GC invocations=22 (full 3):
 PSYoungGen      total 147968K, used 145547K [0x00000000e0000000, 0x00000000ea980000, 0x0000000100000000)
  eden space 128512K, 100% used [0x00000000e0000000,0x00000000e7d80000,0x00000000e7d80000)
  from space 19456K, 87% used [0x00000000e9680000,0x00000000ea722c50,0x00000000ea980000)
  to   space 22528K, 0% used [0x00000000e7d80000,0x00000000e7d80000,0x00000000e9380000)
 ParOldGen       total 72192K, used 40588K [0x00000000a0000000, 0x00000000a4680000, 0x00000000e0000000)
  object space 72192K, 56% used [0x00000000a0000000,0x00000000a27a30f0,0x00000000a4680000)
 Metaspace       used 58735K, capacity 61148K, committed 61440K, reserved 1101824K
  class space    used 7820K, capacity 8341K, committed 8448K, reserved 1048576K
Event: 101.718 GC heap after
Heap after GC invocations=22 (full 3):
 PSYoungGen      total 151040K, used 10170K [0x00000000e0000000, 0x00000000eae80000, 0x0000000100000000)
  eden space 128512K, 0% used [0x00000000e0000000,0x00000000e0000000,0x00000000e7d80000)
  from space 22528K, 45% used [0x00000000e7d80000,0x00000000e876eb30,0x00000000e9380000)
  to   space 21504K, 0% used [0x00000000e9980000,0x00000000e9980000,0x00000000eae80000)
 ParOldGen       total 72192K, used 40596K [0x00000000a0000000, 0x00000000a4680000, 0x00000000e0000000)
  object space 72192K, 56% used [0x00000000a0000000,0x00000000a27a50f0,0x00000000a4680000)
 Metaspace       used 58735K, capacity 61148K, committed 61440K, reserved 1101824K
  class space    used 7820K, capacity 8341K, committed 8448K, reserved 1048576K
}
Event: 113.415 GC heap before
{Heap before GC invocations=23 (full 3):
 PSYoungGen      total 151040K, used 137689K [0x00000000e0000000, 0x00000000eae80000, 0x0000000100000000)
  eden space 128512K, 99% used [0x00000000e0000000,0x00000000e7c87a28,0x00000000e7d80000)
  from space 22528K, 45% used [0x00000000e7d80000,0x00000000e876eb30,0x00000000e9380000)
  to   space 21504K, 0% used [0x00000000e9980000,0x00000000e9980000,0x00000000eae80000)
 ParOldGen       total 72192K, used 40596K [0x00000000a0000000, 0x00000000a4680000, 0x00000000e0000000)
  object space 72192K, 56% used [0x00000000a0000000,0x00000000a27a50f0,0x00000000a4680000)
 Metaspace       used 65020K, capacity 67520K, committed 67712K, reserved 1107968K
  class space    used 8556K, capacity 9085K, committed 9088K, reserved 1048576K
Event: 113.430 GC heap after
Heap after GC invocations=23 (full 3):
 PSYoungGen      total 155136K, used 13831K [0x00000000e0000000, 0x00000000ead80000, 0x0000000100000000)
  eden space 134656K, 0% used [0x00000000e0000000,0x00000000e0000000,0x00000000e8380000)
  from space 20480K, 67% used [0x00000000e9980000,0x00000000ea701f38,0x00000000ead80000)
  to   space 21504K, 0% used [0x00000000e8380000,0x00000000e8380000,0x00000000e9880000)
 ParOldGen       total 72192K, used 40612K [0x00000000a0000000, 0x00000000a4680000, 0x00000000e0000000)
  object space 72192K, 56% used [0x00000000a0000000,0x00000000a27a90f0,0x00000000a4680000)
 Metaspace       used 65020K, capacity 67520K, committed 67712K, reserved 1107968K
  class space    used 8556K, capacity 9085K, committed 9088K, reserved 1048576K
}
Event: 113.445 GC heap before
{Heap before GC invocations=24 (full 3):
 PSYoungGen      total 155136K, used 147861K [0x00000000e0000000, 0x00000000ead80000, 0x0000000100000000)
  eden space 134656K, 99% used [0x00000000e0000000,0x00000000e82e3600,0x00000000e8380000)
  from space 20480K, 67% used [0x00000000e9980000,0x00000000ea701f38,0x00000000ead80000)
  to   space 21504K, 0% used [0x00000000e8380000,0x00000000e8380000,0x00000000e9880000)
 ParOldGen       total 72192K, used 40612K [0x00000000a0000000, 0x00000000a4680000, 0x00000000e0000000)
  object space 72192K, 56% used [0x00000000a0000000,0x00000000a27a90f0,0x00000000a4680000)
 Metaspace       used 65025K, capacity 67584K, committed 67712K, reserved 1107968K
  class space    used 8556K, capacity 9085K, committed 9088K, reserved 1048576K
Event: 113.457 GC heap after
Heap after GC invocations=24 (full 3):
 PSYoungGen      total 156160K, used 12331K [0x00000000e0000000, 0x00000000ead80000, 0x0000000100000000)
  eden space 134656K, 0% used [0x00000000e0000000,0x00000000e0000000,0x00000000e8380000)
  from space 21504K, 57% used [0x00000000e8380000,0x00000000e8f8ac50,0x00000000e9880000)
  to   space 20480K, 0% used [0x00000000e9980000,0x00000000e9980000,0x00000000ead80000)
 ParOldGen       total 72192K, used 40620K [0x00000000a0000000, 0x00000000a4680000, 0x00000000e0000000)
  object space 72192K, 56% used [0x00000000a0000000,0x00000000a27ab0f0,0x00000000a4680000)
 Metaspace       used 65025K, capacity 67584K, committed 67712K, reserved 1107968K
  class space    used 8556K, capacity 9085K, committed 9088K, reserved 1048576K
}
Event: 115.447 GC heap before
{Heap before GC invocations=25 (full 3):
 PSYoungGen      total 156160K, used 146987K [0x00000000e0000000, 0x00000000ead80000, 0x0000000100000000)
  eden space 134656K, 100% used [0x00000000e0000000,0x00000000e8380000,0x00000000e8380000)
  from space 21504K, 57% used [0x00000000e8380000,0x00000000e8f8ac50,0x00000000e9880000)
  to   space 20480K, 0% used [0x00000000e9980000,0x00000000e9980000,0x00000000ead80000)
 ParOldGen       total 72192K, used 40620K [0x00000000a0000000, 0x00000000a4680000, 0x00000000e0000000)
  object space 72192K, 56% used [0x00000000a0000000,0x00000000a27ab0f0,0x00000000a4680000)
 Metaspace       used 66062K, capacity 68592K, committed 68608K, reserved 1107968K
  class space    used 8656K, capacity 9203K, committed 9216K, reserved 1048576K
Event: 115.463 GC heap after
Heap after GC invocations=25 (full 3):
 PSYoungGen      total 155136K, used 14186K [0x00000000e0000000, 0x00000000ead80000, 0x0000000100000000)
  eden space 134656K, 0% used [0x00000000e0000000,0x00000000e0000000,0x00000000e8380000)
  from space 20480K, 69% used [0x00000000e9980000,0x00000000ea75a810,0x00000000ead80000)
  to   space 21504K, 0% used [0x00000000e8380000,0x00000000e8380000,0x00000000e9880000)
 ParOldGen       total 72192K, used 40628K [0x00000000a0000000, 0x00000000a4680000, 0x00000000e0000000)
  object space 72192K, 56% used [0x00000000a0000000,0x00000000a27ad0f0,0x00000000a4680000)
 Metaspace       used 66062K, capacity 68592K, committed 68608K, reserved 1107968K
  class space    used 8656K, capacity 9203K, committed 9216K, reserved 1048576K
}

