# JRE version: OpenJDK Runtime Environment (8.0_76-b03) (build 1.8.0_76-release-b03)
# Java VM: OpenJDK 64-Bit Server VM (25.76-b03 mixed mode windows-amd64 compressed oops)
Heap:
 PSYoungGen      total 131584K, used 122584K [0x00000000e0000000, 0x00000000e9f80000, 0x0000000100000000)
  eden space 114688K, 97% used [0x00000000e0000000,0x00000000e6d770c0,0x00000000e7000000)
  from space 16896K, 62% used [0x00000000e7000000,0x00000000e7a3f300,0x00000000e8080000)
  to   space 17408K, 0% used [0x00000000e8e80000,0x00000000e8e80000,0x00000000e9f80000)
 ParOldGen       total 88576K, used 54004K [0x00000000a0000000, 0x00000000a5680000, 0x00000000e0000000)
  object space 88576K, 60% used [0x00000000a0000000,0x00000000a34bd2b8,0x00000000a5680000)
 Metaspace       used 62851K, capacity 65350K, committed 65536K, reserved 1105920K
  class space    used 8343K, capacity 8890K, committed 8960K, reserved 1048576K
GC Heap History (10 events):
Event: 37.110 GC heap before
{Heap before GC invocations=25 (full 4):
 PSYoungGen      total 114176K, used 100352K [0x00000000e0000000, 0x00000000e7f80000, 0x0000000100000000)
  eden space 100352K, 100% used [0x00000000e0000000,0x00000000e6200000,0x00000000e6200000)
  from space 13824K, 0% used [0x00000000e6200000,0x00000000e6200000,0x00000000e6f80000)
  to   space 13824K, 0% used [0x00000000e7200000,0x00000000e7200000,0x00000000e7f80000)
 ParOldGen       total 46080K, used 40072K [0x00000000a0000000, 0x00000000a2d00000, 0x00000000e0000000)
  object space 46080K, 86% used [0x00000000a0000000,0x00000000a2722108,0x00000000a2d00000)
 Metaspace       used 52203K, capacity 54340K, committed 54528K, reserved 1095680K
  class space    used 7115K, capacity 7573K, committed 7680K, reserved 1048576K
Event: 37.348 GC heap after
Heap after GC invocations=25 (full 4):
 PSYoungGen      total 114176K, used 0K [0x00000000e0000000, 0x00000000e7f80000, 0x0000000100000000)
  eden space 100352K, 0% used [0x00000000e0000000,0x00000000e0000000,0x00000000e6200000)
  from space 13824K, 0% used [0x00000000e6200000,0x00000000e6200000,0x00000000e6f80000)
  to   space 13824K, 0% used [0x00000000e7200000,0x00000000e7200000,0x00000000e7f80000)
 ParOldGen       total 88576K, used 43530K [0x00000000a0000000, 0x00000000a5680000, 0x00000000e0000000)
  object space 88576K, 49% used [0x00000000a0000000,0x00000000a2a82960,0x00000000a5680000)
 Metaspace       used 52203K, capacity 54340K, committed 54528K, reserved 1095680K
  class space    used 7115K, capacity 7573K, committed 7680K, reserved 1048576K
}
Event: 103.642 GC heap before
{Heap before GC invocations=26 (full 4):
 PSYoungGen      total 114176K, used 100352K [0x00000000e0000000, 0x00000000e7f80000, 0x0000000100000000)
  eden space 100352K, 100% used [0x00000000e0000000,0x00000000e6200000,0x00000000e6200000)
  from space 13824K, 0% used [0x00000000e6200000,0x00000000e6200000,0x00000000e6f80000)
  to   space 13824K, 0% used [0x00000000e7200000,0x00000000e7200000,0x00000000e7f80000)
 ParOldGen       total 88576K, used 43530K [0x00000000a0000000, 0x00000000a5680000, 0x00000000e0000000)
  object space 88576K, 49% used [0x00000000a0000000,0x00000000a2a82960,0x00000000a5680000)
 Metaspace       used 56051K, capacity 58310K, committed 58496K, reserved 1099776K
  class space    used 7591K, capacity 8060K, committed 8064K, reserved 1048576K
Event: 103.653 GC heap after
Heap after GC invocations=26 (full 4):
 PSYoungGen      total 117248K, used 6215K [0x00000000e0000000, 0x00000000e8c00000, 0x0000000100000000)
  eden space 103424K, 0% used [0x00000000e0000000,0x00000000e0000000,0x00000000e6500000)
  from space 13824K, 44% used [0x00000000e7200000,0x00000000e7811c88,0x00000000e7f80000)
  to   space 13312K, 0% used [0x00000000e6500000,0x00000000e6500000,0x00000000e7200000)
 ParOldGen       total 88576K, used 43538K [0x00000000a0000000, 0x00000000a5680000, 0x00000000e0000000)
  object space 88576K, 49% used [0x00000000a0000000,0x00000000a2a84960,0x00000000a5680000)
 Metaspace       used 56051K, capacity 58310K, committed 58496K, reserved 1099776K
  class space    used 7591K, capacity 8060K, committed 8064K, reserved 1048576K
}
Event: 108.195 GC heap before
{Heap before GC invocations=27 (full 4):
 PSYoungGen      total 117248K, used 109639K [0x00000000e0000000, 0x00000000e8c00000, 0x0000000100000000)
  eden space 103424K, 100% used [0x00000000e0000000,0x00000000e6500000,0x00000000e6500000)
  from space 13824K, 44% used [0x00000000e7200000,0x00000000e7811c88,0x00000000e7f80000)
  to   space 13312K, 0% used [0x00000000e6500000,0x00000000e6500000,0x00000000e7200000)
 ParOldGen       total 88576K, used 43538K [0x00000000a0000000, 0x00000000a5680000, 0x00000000e0000000)
  object space 88576K, 49% used [0x00000000a0000000,0x00000000a2a84960,0x00000000a5680000)
 Metaspace       used 56725K, capacity 58966K, committed 59136K, reserved 1099776K
  class space    used 7660K, capacity 8114K, committed 8192K, reserved 1048576K
Event: 108.204 GC heap after
Heap after GC invocations=27 (full 4):
 PSYoungGen      total 116736K, used 8064K [0x00000000e0000000, 0x00000000e8d80000, 0x0000000100000000)
  eden space 103424K, 0% used [0x00000000e0000000,0x00000000e0000000,0x00000000e6500000)
  from space 13312K, 60% used [0x00000000e6500000,0x00000000e6ce0020,0x00000000e7200000)
  to   space 13312K, 0% used [0x00000000e8080000,0x00000000e8080000,0x00000000e8d80000)
 ParOldGen       total 88576K, used 43546K [0x00000000a0000000, 0x00000000a5680000, 0x00000000e0000000)
  object space 88576K, 49% used [0x00000000a0000000,0x00000000a2a86960,0x00000000a5680000)
 Metaspace       used 56725K, capacity 58966K, committed 59136K, reserved 1099776K
  class space    used 7660K, capacity 8114K, committed 8192K, reserved 1048576K
}
Event: 114.904 GC heap before
{Heap before GC invocations=28 (full 4):
 PSYoungGen      total 116736K, used 111488K [0x00000000e0000000, 0x00000000e8d80000, 0x0000000100000000)
  eden space 103424K, 100% used [0x00000000e0000000,0x00000000e6500000,0x00000000e6500000)
  from space 13312K, 60% used [0x00000000e6500000,0x00000000e6ce0020,0x00000000e7200000)
  to   space 13312K, 0% used [0x00000000e8080000,0x00000000e8080000,0x00000000e8d80000)
 ParOldGen       total 88576K, used 43546K [0x00000000a0000000, 0x00000000a5680000, 0x00000000e0000000)
  object space 88576K, 49% used [0x00000000a0000000,0x00000000a2a86960,0x00000000a5680000)
 Metaspace       used 58209K, capacity 60578K, committed 60928K, reserved 1101824K
  class space    used 7797K, capacity 8334K, committed 8448K, reserved 1048576K
Event: 114.927 GC heap after
Heap after GC invocations=28 (full 4):
 PSYoungGen      total 128000K, used 13307K [0x00000000e0000000, 0x00000000e9300000, 0x0000000100000000)
  eden space 114688K, 0% used [0x00000000e0000000,0x00000000e0000000,0x00000000e7000000)
  from space 13312K, 99% used [0x00000000e8080000,0x00000000e8d7edf8,0x00000000e8d80000)
  to   space 16896K, 0% used [0x00000000e7000000,0x00000000e7000000,0x00000000e8080000)
 ParOldGen       total 88576K, used 47284K [0x00000000a0000000, 0x00000000a5680000, 0x00000000e0000000)
  object space 88576K, 53% used [0x00000000a0000000,0x00000000a2e2d138,0x00000000a5680000)
 Metaspace       used 58209K, capacity 60578K, committed 60928K, reserved 1101824K
  class space    used 7797K, capacity 8334K, committed 8448K, reserved 1048576K
}
Event: 118.939 GC heap before
{Heap before GC invocations=29 (full 4):
 PSYoungGen      total 128000K, used 126003K [0x00000000e0000000, 0x00000000e9300000, 0x0000000100000000)
  eden space 114688K, 98% used [0x00000000e0000000,0x00000000e6e0df58,0x00000000e7000000)
  from space 13312K, 99% used [0x00000000e8080000,0x00000000e8d7edf8,0x00000000e8d80000)
  to   space 16896K, 0% used [0x00000000e7000000,0x00000000e7000000,0x00000000e8080000)
 ParOldGen       total 88576K, used 47284K [0x00000000a0000000, 0x00000000a5680000, 0x00000000e0000000)
  object space 88576K, 53% used [0x00000000a0000000,0x00000000a2e2d138,0x00000000a5680000)
 Metaspace       used 58439K, capacity 60850K, committed 61184K, reserved 1101824K
  class space    used 7804K, capacity 8334K, committed 8448K, reserved 1048576K
Event: 118.960 GC heap after
Heap after GC invocations=29 (full 4):
 PSYoungGen      total 131584K, used 10492K [0x00000000e0000000, 0x00000000e9f80000, 0x0000000100000000)
  eden space 114688K, 0% used [0x00000000e0000000,0x00000000e0000000,0x00000000e7000000)
  from space 16896K, 62% used [0x00000000e7000000,0x00000000e7a3f300,0x00000000e8080000)
  to   space 17408K, 0% used [0x00000000e8e80000,0x00000000e8e80000,0x00000000e9f80000)
 ParOldGen       total 88576K, used 54004K [0x00000000a0000000, 0x00000000a5680000, 0x00000000e0000000)
  object space 88576K, 60% used [0x00000000a0000000,0x00000000a34bd2b8,0x00000000a5680000)
 Metaspace       used 58439K, capacity 60850K, committed 61184K, reserved 1101824K
  class space    used 7804K, capacity 8334K, committed 8448K, reserved 1048576K
}

